<?xml version="1.0" encoding="UTF-8"?>
<!-- Generated by org.testng.reporters.JUnitXMLReporter -->
<testsuite ignored="0" hostname="LAPTOP-G2QBD1PV" failures="1" tests="7" name=" Create Booking Test - Apply Discount" time="0.048" errors="0" timestamp="2021-10-29T12:01:30 IST">
  <testcase classname="testcases.BookingSearch" name="searchHotel" time="0.002"/>
  <testcase classname="testcases.BookingSearch" name="selectHotel" time="0.001"/>
  <testcase classname="testcases.BookingSearch" name="enterGuestInfo" time="0.002"/>
  <testcase classname="testcases.PaymentManager" name="applyDiscount" time="0.001"/>
  <testcase classname="testcases.PaymentManager" name="makePayment" time="0.0">
    <failure type="org.testng.TestNGException" message="
Parameter &amp;apos;action&amp;apos; is required by @Test on method makePayment but has not been marked @Optional or defined
in C:\Users\imran\eclipse-workspace\BookingHotel\testng.xml">
      <![CDATA[org.testng.TestNGException: 
Parameter 'action' is required by @Test on method makePayment but has not been marked @Optional or defined
in C:\Users\imran\eclipse-workspace\BookingHotel\testng.xml
at java.base/java.util.ArrayList.forEach(ArrayList.java:1511)
... Removed 26 stack frames]]>
    </failure>
  </testcase> <!-- makePayment -->
  <testcase classname="testcases.CostomerCommunications" name="checkMail" time="0.014"/>
  <testcase classname="testcases.CostomerCommunications" name="checkMobile" time="0.002"/>
</testsuite> <!--  Create Booking Test - Apply Discount -->
